<?xml version="1.0" encoding="UTF-8"?>
<!-- Generated by org.testng.reporters.JUnitReportReporter -->
<testsuite hostname="PDWIVEDI" name="com.seleniumScripts.SignUp" tests="1" failures="0" timestamp="22 Apr 2014 12:02:05 GMT" time="12.691" errors="0">
  <testcase name="LoginLogoutMethod" time="12.691" classname="com.seleniumScripts.SignUp"/>
</testsuite> <!-- com.seleniumScripts.SignUp -->
