<?xml version="1.0" encoding="UTF-8"?>
<testsuite name="TestSuite" time="0.251" tests="3" errors="0" skipped="0" failures="1">
  <properties>
    <property name="java.runtime.name" value="Java(TM) SE Runtime Environment"/>
    <property name="sun.boot.library.path" value="C:\java\jdk1.6.0_30\jre\bin"/>
    <property name="java.vm.version" value="20.5-b03"/>
    <property name="java.vm.vendor" value="Sun Microsystems Inc."/>
    <property name="java.vendor.url" value="http://java.sun.com/"/>
    <property name="path.separator" value=";"/>
    <property name="guice.disable.misplaced.annotation.check" value="true"/>
    <property name="java.vm.name" value="Java HotSpot(TM) Client VM"/>
    <property name="file.encoding.pkg" value="sun.io"/>
    <property name="user.country" value="IN"/>
    <property name="sun.java.launcher" value="SUN_STANDARD"/>
    <property name="sun.os.patch.level" value=""/>
    <property name="java.vm.specification.name" value="Java Virtual Machine Specification"/>
    <property name="user.dir" value="D:\GitRepository\GitHub\SapphireSelenium"/>
    <property name="java.runtime.version" value="1.6.0_30-b12"/>
    <property name="java.awt.graphicsenv" value="sun.awt.Win32GraphicsEnvironment"/>
    <property name="java.endorsed.dirs" value="C:\java\jdk1.6.0_30\jre\lib\endorsed"/>
    <property name="os.arch" value="x86"/>
    <property name="java.io.tmpdir" value="C:\Users\msadmin\AppData\Local\Temp\"/>
    <property name="line.separator" value="&#10;"/>
    <property name="java.vm.specification.vendor" value="Sun Microsystems Inc."/>
    <property name="user.variant" value=""/>
    <property name="os.name" value="Windows 7"/>
    <property name="classworlds.conf" value="D:\Workspace\.metadata\.plugins\org.eclipse.m2e.launching\launches\m2conf7381841292312379345.tmp"/>
    <property name="sun.jnu.encoding" value="Cp1252"/>
    <property name="java.library.path" value="C:\java\jdk1.6.0_30\bin;C:\Windows\Sun\Java\bin;C:\Windows\system32;C:\Windows;C:/java/jdk1.6.0_30/bin/../jre/bin/client;C:/java/jdk1.6.0_30/bin/../jre/bin;C:/java/jdk1.6.0_30/bin/../jre/lib/i386;C:\oraclexe\app\oracle\product\11.2.0\server\bin;;C:\Windows\system32;C:\Windows;C:\Windows\System32\Wbem;C:\Windows\System32\WindowsPowerShell\v1.0\;C:\java\jdk1.6.0_30\bin;C:\apache-maven-3.0.3\bin;C:\Windows\System32;C:\apache-ant-1.9.3\bin;;D:\Compressed\eclipse;;."/>
    <property name="java.specification.name" value="Java Platform API Specification"/>
    <property name="java.class.version" value="50.0"/>
    <property name="sun.management.compiler" value="HotSpot Client Compiler"/>
    <property name="os.version" value="6.1"/>
    <property name="user.home" value="C:\Users\msadmin"/>
    <property name="user.timezone" value="Asia/Calcutta"/>
    <property name="java.awt.printerjob" value="sun.awt.windows.WPrinterJob"/>
    <property name="file.encoding" value="Cp1252"/>
    <property name="java.specification.version" value="1.6"/>
    <property name="user.name" value="msadmin"/>
    <property name="java.class.path" value="C:\apache-maven-3.0.3\boot\plexus-classworlds-2.4.jar"/>
    <property name="java.vm.specification.version" value="1.0"/>
    <property name="sun.arch.data.model" value="32"/>
    <property name="java.home" value="C:\java\jdk1.6.0_30\jre"/>
    <property name="sun.java.command" value="org.codehaus.plexus.classworlds.launcher.Launcher -B -s C:\Users\msadmin\.m2\settings.xml integration-test"/>
    <property name="java.specification.vendor" value="Sun Microsystems Inc."/>
    <property name="user.language" value="en"/>
    <property name="awt.toolkit" value="sun.awt.windows.WToolkit"/>
    <property name="java.vm.info" value="mixed mode, sharing"/>
    <property name="java.version" value="1.6.0_30"/>
    <property name="java.ext.dirs" value="C:\java\jdk1.6.0_30\jre\lib\ext;C:\Windows\Sun\Java\lib\ext"/>
    <property name="sun.boot.class.path" value="C:\java\jdk1.6.0_30\jre\lib\resources.jar;C:\java\jdk1.6.0_30\jre\lib\rt.jar;C:\java\jdk1.6.0_30\jre\lib\sunrsasign.jar;C:\java\jdk1.6.0_30\jre\lib\jsse.jar;C:\java\jdk1.6.0_30\jre\lib\jce.jar;C:\java\jdk1.6.0_30\jre\lib\charsets.jar;C:\java\jdk1.6.0_30\jre\lib\modules\jdk.boot.jar;C:\java\jdk1.6.0_30\jre\classes"/>
    <property name="java.vendor" value="Sun Microsystems Inc."/>
    <property name="maven.home" value="C:\apache-maven-3.0.3"/>
    <property name="file.separator" value="\"/>
    <property name="java.vendor.url.bug" value="http://java.sun.com/cgi-bin/bugreport.cgi"/>
    <property name="maven.bootclasspath" value="C:\apache-maven-3.0.3\boot\plexus-classworlds-2.4.jar"/>
    <property name="sun.cpu.endian" value="little"/>
    <property name="sun.io.unicode.encoding" value="UnicodeLittle"/>
    <property name="sun.desktop" value="windows"/>
    <property name="sun.cpu.isalist" value="pentium_pro+mmx pentium_pro pentium+mmx pentium i486 i386 i86"/>
  </properties>
  <testcase name="reaction_VBM" classname="com.ms.sapphire.etl.AERS_REACTIONS" time="0.196">
    <failure message="pt_name is null in aers_reactions for [41]records" type="java.lang.AssertionError">java.lang.AssertionError: pt_name is null in aers_reactions for [41]records
	at org.testng.Assert.fail(Assert.java:94)
	at com.ms.sapphire.etl.AERS_REACTIONS.reaction_VBM(AERS_REACTIONS.java:48)
</failure>
  </testcase>
  <testcase name="reaction_pt_code_notnull" classname="com.ms.sapphire.etl.AERS_REACTIONS" time="0.031"/>
  <testcase name="reaction_pt_name_notnull" classname="com.ms.sapphire.etl.AERS_REACTIONS" time="0.024"/>
</testsuite>