<?xml version="1.0" encoding="UTF-8"?>
<!-- Generated by org.testng.reporters.JUnitReportReporter -->
<testsuite hostname="PDWIVEDI" name="com.seleniumScripts.SignUp" tests="1" failures="0" timestamp="21 Apr 2014 11:20:08 GMT" time="18.323" errors="0">
  <testcase name="LoginLogoutMethod" time="18.323" classname="com.seleniumScripts.SignUp"/>
</testsuite> <!-- com.seleniumScripts.SignUp -->
