<?xml version="1.0" encoding="UTF-8"?>
<!-- Generated by org.testng.reporters.JUnitReportReporter -->
<testsuite hostname="PRATIK" name="com.sapphire.admin.Admin_Delete_Template_Group" tests="1" failures="0" timestamp="29 Jan 2014 11:49:12 GMT" time="9.535" errors="0">
  <testcase name="deleteReportParameters" time="9.535" classname="com.sapphire.admin.Admin_Delete_Template_Group"/>
</testsuite> <!-- com.sapphire.admin.Admin_Delete_Template_Group -->
