<?xml version="1.0" encoding="UTF-8"?>
<!-- Generated by org.testng.reporters.JUnitReportReporter -->
<testsuite hostname="PDWIVEDI" name="com.sapphire.workspace.Work_Create_ReportGroup" tests="1" failures="0" timestamp="21 May 2014 11:25:30 GMT" time="87.076" errors="0">
  <testcase name="TestMethodCreateReportGroup" time="87.076" classname="com.sapphire.workspace.Work_Create_ReportGroup"/>
</testsuite> <!-- com.sapphire.workspace.Work_Create_ReportGroup -->
