<?xml version="1.0" encoding="UTF-8"?>
<!-- Generated by org.testng.reporters.JUnitReportReporter -->
<testsuite hostname="PRATIK" name="com.sapphire.Admin_Create_Template" tests="1" failures="0" timestamp="13 Nov 2013 15:23:06 GMT" time="323.541" errors="0">
  <testcase name="TestMethodCreateTemplateReportParameters" time="323.541" classname="com.sapphire.Admin_Create_Template"/>
</testsuite> <!-- com.sapphire.Admin_Create_Template -->
