<?xml version="1.0" encoding="UTF-8"?>
<!-- Generated by org.testng.reporters.JUnitReportReporter -->
<testsuite hostname="PRATIK" name="com.sapphire.workspace.Work_Create_External" tests="1" failures="0" timestamp="10 Jan 2014 06:52:24 GMT" time="60.925" errors="0">
  <testcase name="TestMethodCreateMedline" time="60.925" classname="com.sapphire.workspace.Work_Create_External"/>
</testsuite> <!-- com.sapphire.workspace.Work_Create_External -->
