<?xml version="1.0" encoding="UTF-8"?>
<!-- Generated by org.testng.reporters.JUnitReportReporter -->
<testsuite hostname="PRATIK" name="com.sapphire.Admin_Create_EventGroups" tests="1" failures="0" timestamp="13 Nov 2013 15:23:06 GMT" time="219.814" errors="0">
  <testcase name="TestMethodCreateEventgroup" time="219.814" classname="com.sapphire.Admin_Create_EventGroups"/>
</testsuite> <!-- com.sapphire.Admin_Create_EventGroups -->
