<?xml version="1.0" encoding="UTF-8"?>
<!-- Generated by org.testng.reporters.JUnitReportReporter -->
<testsuite hostname="PRATIK" name="com.sapphire.portfolio.Port_Create_Dossier" tests="1" failures="0" timestamp="9 Jan 2014 05:18:19 GMT" time="89.706" errors="0">
  <testcase name="TestMethodPortCreateDossier" time="89.706" classname="com.sapphire.portfolio.Port_Create_Dossier"/>
</testsuite> <!-- com.sapphire.portfolio.Port_Create_Dossier -->
