<?xml version="1.0" encoding="UTF-8"?>
<!-- Generated by org.testng.reporters.JUnitReportReporter -->
<testsuite hostname="PRATIK" name="com.sapphire.workspace.Work_Delete_CaseSeries" tests="1" failures="0" timestamp="11 Feb 2014 09:38:44 GMT" time="16.067" errors="0">
  <testcase name="TestMethodDeleteCaseSeries" time="16.067" classname="com.sapphire.workspace.Work_Delete_CaseSeries"/>
</testsuite> <!-- com.sapphire.workspace.Work_Delete_CaseSeries -->
