<?xml version="1.0" encoding="UTF-8"?>
<!-- Generated by org.testng.reporters.JUnitReportReporter -->
<testsuite hostname="PRATIK" name="com.sapphire.workspace.Work_Minutes_Verify" tests="1" failures="0" timestamp="10 Jan 2014 06:54:59 GMT" time="41.827" errors="0">
  <testcase name="TestMethodMinutesVerify" time="41.827" classname="com.sapphire.workspace.Work_Minutes_Verify"/>
</testsuite> <!-- com.sapphire.workspace.Work_Minutes_Verify -->
