<?xml version="1.0" encoding="UTF-8"?>
<!-- Generated by org.testng.reporters.JUnitReportReporter -->
<testsuite hostname="PDWIVEDI" name="com.sapphire.admin.Admin_Create_Scheduler" tests="1" failures="0" timestamp="21 May 2014 06:37:10 GMT" time="50.966" errors="0">
  <testcase name="TestMethodCreateScheduler" time="50.966" classname="com.sapphire.admin.Admin_Create_Scheduler"/>
</testsuite> <!-- com.sapphire.admin.Admin_Create_Scheduler -->
