<?xml version="1.0" encoding="UTF-8"?>
<!-- Generated by org.testng.reporters.JUnitReportReporter -->
<testsuite hostname="PRATIK" name="com.sapphire.portfolio.Port_Create_SA_cs" tests="1" failures="0" timestamp="27 Dec 2013 10:16:32 GMT" time="29.706" errors="0">
  <testcase name="TestMethodPortCreateSAcs" time="29.706" classname="com.sapphire.portfolio.Port_Create_SA_cs"/>
</testsuite> <!-- com.sapphire.portfolio.Port_Create_SA_cs -->
