<?xml version="1.0" encoding="UTF-8"?>
<!-- Generated by org.testng.reporters.JUnitReportReporter -->
<testsuite hostname="PDWIVEDI" name="com.sapphire.admin.Admin_Create_User_Groups" tests="1" failures="0" timestamp="10 Jun 2014 09:43:45 GMT" time="36.292" errors="0">
  <testcase name="TestMethodCreateUserGroup" time="36.292" classname="com.sapphire.admin.Admin_Create_User_Groups"/>
</testsuite> <!-- com.sapphire.admin.Admin_Create_User_Groups -->
