<?xml version="1.0" encoding="UTF-8"?>
<!-- Generated by org.testng.reporters.JUnitReportReporter -->
<testsuite hostname="PRATIK" name="com.sapphire.workspace.Workspace_Create_Analysis_EA_aers_cs" tests="1" failures="0" timestamp="27 Nov 2013 15:15:31 GMT" time="123.311" errors="0">
  <testcase name="TestMethodCreateEAaerscs" time="123.311" classname="com.sapphire.workspace.Workspace_Create_Analysis_EA_aers_cs"/>
</testsuite> <!-- com.sapphire.workspace.Workspace_Create_Analysis_EA_aers_cs -->
