<?xml version="1.0" encoding="UTF-8"?>
<!-- Generated by org.testng.reporters.JUnitReportReporter -->
<testsuite hostname="PRATIK" name="com.sapphire.Create_EA_aers" tests="1" failures="0" timestamp="13 Nov 2013 15:23:06 GMT" time="64.848" errors="0">
  <testcase name="TestMethodCreateEAaers" time="64.848" classname="com.sapphire.Create_EA_aers"/>
</testsuite> <!-- com.sapphire.Create_EA_aers -->
