<?xml version="1.0" encoding="UTF-8"?>
<!-- Generated by org.testng.reporters.JUnitReportReporter -->
<testsuite hostname="PRATIK" name="com.sapphire.score.EA_scoreTesting" tests="2" failures="0" timestamp="13 Jan 2014 11:43:52 GMT" time="11.464" errors="0">
  <testcase name="SAScoreTesting" time="11.221" classname="com.sapphire.score.EA_scoreTesting"/>
  <testcase name="connectdb" time="0.243" classname="com.sapphire.score.EA_scoreTesting"/>
</testsuite> <!-- com.sapphire.score.EA_scoreTesting -->
