<?xml version="1.0" encoding="UTF-8"?>
<!-- Generated by org.testng.reporters.JUnitReportReporter -->
<testsuite hostname="PRATIK" name="com.sapphire.admin.Admin_Delete_Product_Groups" tests="1" failures="0" timestamp="28 Jan 2014 13:39:47 GMT" time="9.262" errors="0">
  <testcase name="deleteProductGroup" time="9.262" classname="com.sapphire.admin.Admin_Delete_Product_Groups"/>
</testsuite> <!-- com.sapphire.admin.Admin_Delete_Product_Groups -->
