<?xml version="1.0" encoding="UTF-8"?>
<!-- Generated by org.testng.reporters.JUnitReportReporter -->
<testsuite hostname="PDWIVEDI" name="com.sapphire.admin.Admin_Create_TemplateGroups" tests="1" failures="0" timestamp="4 Jun 2014 07:51:07 GMT" time="35.180" errors="0">
  <testcase name="TestMethodCreateTemplateGroup" time="35.180" classname="com.sapphire.admin.Admin_Create_TemplateGroups"/>
</testsuite> <!-- com.sapphire.admin.Admin_Create_TemplateGroups -->
