<?xml version="1.0" encoding="UTF-8"?>
<!-- Generated by org.testng.reporters.JUnitReportReporter -->
<testsuite hostname="PDWIVEDI" name="com.sapphire.etl.AERSTherapyISRID" tests="1" failures="0" timestamp="18 Jun 2014 07:35:04 GMT" time="0.220" errors="0">
  <testcase name="AERSTherapyISRIDTest" time="0.220" classname="com.sapphire.etl.AERSTherapyISRID"/>
</testsuite> <!-- com.sapphire.etl.AERSTherapyISRID -->
