<?xml version="1.0" encoding="UTF-8"?>
<!-- Generated by org.testng.reporters.JUnitReportReporter -->
<testsuite hostname="PRATIK" name="com.sapphire.score.SA_aers_DrugEvent_Trending" tests="1" failures="0" timestamp="23 Jan 2014 09:05:44 GMT" time="108.227" errors="0">
  <testcase name="SADrugEvent_Algo" time="108.227" classname="com.sapphire.score.SA_aers_DrugEvent_Trending"/>
</testsuite> <!-- com.sapphire.score.SA_aers_DrugEvent_Trending -->
