<?xml version="1.0" encoding="UTF-8"?>
<!-- Generated by org.testng.reporters.JUnitReportReporter -->
<testsuite hostname="PRATIK" name="com.sapphire.portfolio.Port_Delete_Docket" tests="1" failures="0" timestamp="10 Feb 2014 07:47:42 GMT" time="17.552" errors="0">
  <testcase name="TestMethodPortDeleteDocket" time="17.552" classname="com.sapphire.portfolio.Port_Delete_Docket"/>
</testsuite> <!-- com.sapphire.portfolio.Port_Delete_Docket -->
