<?xml version="1.0" encoding="UTF-8"?>
<!-- Generated by org.testng.reporters.JUnitReportReporter -->
<testsuite hostname="PRATIK" name="com.practise.CalculateScoreFormExcel" tests="1" failures="0" timestamp="28 Jan 2014 04:42:14 GMT" time="1.161" errors="0">
  <testcase name="dataEntry" time="1.161" classname="com.practise.CalculateScoreFormExcel"/>
</testsuite> <!-- com.practise.CalculateScoreFormExcel -->
