<?xml version="1.0" encoding="UTF-8"?>
<!-- Generated by org.testng.reporters.JUnitReportReporter -->
<testsuite hostname="PDWIVEDI" name="com.sapphire.function.AersGenderStrata" tests="1" failures="0" timestamp="13 Jun 2014 09:19:47 GMT" time="0.220" errors="0">
  <testcase name="testCAllFuction" time="0.220" classname="com.sapphire.function.AersGenderStrata"/>
</testsuite> <!-- com.sapphire.function.AersGenderStrata -->
