<?xml version="1.0" encoding="UTF-8"?>
<!-- Generated by org.testng.reporters.JUnitReportReporter -->
<testsuite hostname="PRATIK" name="com.sapphire.admin.WorkflowPrivileges" tests="1" failures="0" timestamp="10 Dec 2013 08:46:34 GMT" time="17.938" errors="0">
  <testcase name="TestMethodCreateUser" time="17.938" classname="com.sapphire.admin.WorkflowPrivileges"/>
</testsuite> <!-- com.sapphire.admin.WorkflowPrivileges -->
