<?xml version="1.0" encoding="UTF-8"?>
<!-- Generated by org.testng.reporters.JUnitReportReporter -->
<testsuite hostname="PDWIVEDI" name="com.sapphire.admin.Admin_Create_EventGroups" tests="1" failures="0" timestamp="30 Apr 2014 11:03:49 GMT" time="188.697" errors="0">
  <testcase name="TestMethodCreateEventgroup" time="188.697" classname="com.sapphire.admin.Admin_Create_EventGroups"/>
</testsuite> <!-- com.sapphire.admin.Admin_Create_EventGroups -->
