<?xml version="1.0" encoding="UTF-8"?>
<!-- Generated by org.testng.reporters.JUnitReportReporter -->
<testsuite hostname="PDWIVEDI" name="com.sapphire.admin.LoginLogout" tests="1" failures="0" timestamp="23 May 2014 06:07:33 GMT" time="31.596" errors="0">
  <testcase name="LoginLogoutMethod2" time="31.596" classname="com.sapphire.admin.LoginLogout"/>
</testsuite> <!-- com.sapphire.admin.LoginLogout -->
