<?xml version="1.0" encoding="UTF-8"?>
<!-- Generated by org.testng.reporters.JUnitReportReporter -->
<testsuite hostname="PDWIVEDI" name="com.sapphire.workspace.Work_Create_RegulatoryReports" tests="1" failures="0" timestamp="21 May 2014 13:43:50 GMT" time="85.792" errors="0">
  <testcase name="TestMethodCreateRegulatoryReport" time="85.792" classname="com.sapphire.workspace.Work_Create_RegulatoryReports"/>
</testsuite> <!-- com.sapphire.workspace.Work_Create_RegulatoryReports -->
