<?xml version="1.0" encoding="UTF-8"?>
<!-- Generated by org.testng.reporters.JUnitReportReporter -->
<testsuite hostname="PRATIK" name="com.sapphire.Admin_CreateUserGroups" tests="1" failures="0" timestamp="12 Nov 2013 14:40:06 GMT" time="61.117" errors="0">
  <testcase name="TestMethodCreateUserGroup" time="61.117" classname="com.sapphire.Admin_CreateUserGroups"/>
</testsuite> <!-- com.sapphire.Admin_CreateUserGroups -->
