<?xml version="1.0" encoding="UTF-8"?>
<!-- Generated by org.testng.reporters.JUnitReportReporter -->
<testsuite hostname="PRATIK" name="com.sapphire.inbox.Inbox_CompleteActivity" tests="1" failures="0" timestamp="10 Jan 2014 05:40:57 GMT" time="47.025" errors="0">
  <testcase name="InboxCompleteActivity" time="47.025" classname="com.sapphire.inbox.Inbox_CompleteActivity"/>
</testsuite> <!-- com.sapphire.inbox.Inbox_CompleteActivity -->
