<?xml version="1.0" encoding="UTF-8"?>
<!-- Generated by org.testng.reporters.JUnitReportReporter -->
<testsuite hostname="PDWIVEDI" name="com.sapphire.etl.FetchDatabase" tests="1" failures="0" timestamp="23 May 2014 14:21:12 GMT" time="0.212" errors="0">
  <testcase name="dataForETL" time="0.212" classname="com.sapphire.etl.FetchDatabase"/>
</testsuite> <!-- com.sapphire.etl.FetchDatabase -->
