<?xml version="1.0" encoding="UTF-8"?>
<!-- Generated by org.testng.reporters.JUnitReportReporter -->
<testsuite hostname="PDWIVEDI" name="com.sapphire.admin.Admin_Create_ThresholdPlan" tests="1" failures="0" timestamp="21 May 2014 06:37:58 GMT" time="15.259" errors="0">
  <testcase name="TestMethodThresholdPlan" time="15.259" classname="com.sapphire.admin.Admin_Create_ThresholdPlan"/>
</testsuite> <!-- com.sapphire.admin.Admin_Create_ThresholdPlan -->
