<?xml version="1.0" encoding="UTF-8"?>
<!-- Generated by org.testng.reporters.JUnitReportReporter -->
<testsuite hostname="PRATIK" name="com.sapphire.portfolio.Port_Delete_Topic" tests="1" failures="0" timestamp="10 Feb 2014 11:13:47 GMT" time="20.883" errors="0">
  <testcase name="TestMethodPortDeleteTopic" time="20.883" classname="com.sapphire.portfolio.Port_Delete_Topic"/>
</testsuite> <!-- com.sapphire.portfolio.Port_Delete_Topic -->
