<?xml version="1.0" encoding="UTF-8"?>
<!-- Generated by org.testng.reporters.JUnitReportReporter -->
<testsuite hostname="PRATIK" name="com.sapphire.workspace.Work_Create_SA_aers" tests="1" failures="0" timestamp="14 Jan 2014 05:10:22 GMT" time="148.534" errors="0">
  <testcase name="TestMethodCreateSAaers" time="148.534" classname="com.sapphire.workspace.Work_Create_SA_aers"/>
</testsuite> <!-- com.sapphire.workspace.Work_Create_SA_aers -->
