<?xml version="1.0" encoding="UTF-8"?>
<!-- Generated by org.testng.reporters.JUnitReportReporter -->
<testsuite hostname="PRATIK" name="com.Admin_Create_Workflow" tests="1" failures="0" timestamp="8 Nov 2013 09:38:11 GMT" time="37.767" errors="0">
  <testcase name="TestMethodCreateWorkflow" time="37.767" classname="com.Admin_Create_Workflow"/>
</testsuite> <!-- com.Admin_Create_Workflow -->
