<?xml version="1.0" encoding="UTF-8"?>
<!-- Generated by org.testng.reporters.JUnitReportReporter -->
<testsuite hostname="PRATIK" name="com.sapphire.TestConfig" tests="1" failures="0" timestamp="12 Nov 2013 04:50:13 GMT" time="14.152" errors="0">
  <testcase name="testMethod" time="14.152" classname="com.sapphire.TestConfig"/>
</testsuite> <!-- com.sapphire.TestConfig -->
