<?xml version="1.0" encoding="UTF-8"?>
<!-- Generated by org.testng.reporters.JUnitReportReporter -->
<testsuite hostname="PDWIVEDI" name="com.sapphire.admin.Admin_Create_Template_Report_Parameters" tests="1" failures="0" timestamp="4 Jun 2014 07:52:37 GMT" time="65.297" errors="0">
  <testcase name="TestMethodCreateTemplateReportParameters" time="65.297" classname="com.sapphire.admin.Admin_Create_Template_Report_Parameters"/>
</testsuite> <!-- com.sapphire.admin.Admin_Create_Template_Report_Parameters -->
