<?xml version="1.0" encoding="UTF-8"?>
<!-- Generated by org.testng.reporters.JUnitReportReporter -->
<testsuite hostname="PDWIVEDI" name="com.sapphire.portfolio.Port_Create_Docket" tests="1" failures="0" timestamp="21 May 2014 09:06:33 GMT" time="613.960" errors="0">
  <testcase name="TestMethodPortCreateDocket" time="613.960" classname="com.sapphire.portfolio.Port_Create_Docket"/>
</testsuite> <!-- com.sapphire.portfolio.Port_Create_Docket -->
