<?xml version="1.0" encoding="UTF-8"?>
<!-- Generated by org.testng.reporters.JUnitReportReporter -->
<testsuite hostname="PDWIVEDI" name="com.sapphire.score.CalculateScoreFormExcel" tests="1" failures="0" timestamp="23 May 2014 05:55:18 GMT" time="1.036" errors="0">
  <testcase name="dataEntry" time="1.036" classname="com.sapphire.score.CalculateScoreFormExcel"/>
</testsuite> <!-- com.sapphire.score.CalculateScoreFormExcel -->
