<?xml version="1.0" encoding="UTF-8"?>
<!-- Generated by org.testng.reporters.JUnitReportReporter -->
<testsuite hostname="PRATIK" name="com.sapphire.admin.Admin_WorkflowPrivileges" tests="1" failures="0" timestamp="7 Apr 2014 04:52:45 GMT" time="41.583" errors="0">
  <testcase name="TestMethodWorkflowPrivileges" time="41.583" classname="com.sapphire.admin.Admin_WorkflowPrivileges"/>
</testsuite> <!-- com.sapphire.admin.Admin_WorkflowPrivileges -->
