<?xml version="1.0" encoding="UTF-8"?>
<!-- Generated by org.testng.reporters.JUnitReportReporter -->
<testsuite hostname="PRATIK" name="com.sapphire.portfolio.Port_Delete_Action" tests="1" failures="0" timestamp="10 Feb 2014 13:08:08 GMT" time="38.239" errors="0">
  <testcase name="TestMethodPortDeleteAction" time="38.239" classname="com.sapphire.portfolio.Port_Delete_Action"/>
</testsuite> <!-- com.sapphire.portfolio.Port_Delete_Action -->
