<?xml version="1.0" encoding="UTF-8"?>
<!-- Generated by org.testng.reporters.JUnitReportReporter -->
<testsuite hostname="PRATIK" name="com.sapphire.score.SA_aers_DrugEvent_Static" tests="1" failures="0" timestamp="23 Jan 2014 08:10:55 GMT" time="107.237" errors="0">
  <testcase name="SADrugEvent_Static" time="107.237" classname="com.sapphire.score.SA_aers_DrugEvent_Static"/>
</testsuite> <!-- com.sapphire.score.SA_aers_DrugEvent_Static -->
