<?xml version="1.0" encoding="UTF-8"?>
<!-- Generated by org.testng.reporters.JUnitReportReporter -->
<testsuite hostname="PRATIK" name="com.sapphire.score.EA_aers_TotalCaseCount" tests="1" failures="0" timestamp="28 Jan 2014 06:13:17 GMT" time="113.020" errors="0">
  <testcase name="EA_aers_TotalCaseCount" time="113.020" classname="com.sapphire.score.EA_aers_TotalCaseCount"/>
</testsuite> <!-- com.sapphire.score.EA_aers_TotalCaseCount -->
