<?xml version="1.0" encoding="UTF-8"?>
<!-- Generated by org.testng.reporters.JUnitReportReporter -->
<testsuite hostname="PRATIK" name="com.sapphire.portfolio.Port_Create_Action" tests="1" failures="0" timestamp="9 Jan 2014 05:12:00 GMT" time="308.664" errors="0">
  <testcase name="TestMethodPortCreateAction" time="308.664" classname="com.sapphire.portfolio.Port_Create_Action"/>
</testsuite> <!-- com.sapphire.portfolio.Port_Create_Action -->
