<?xml version="1.0" encoding="UTF-8"?>
<!-- Generated by org.testng.reporters.JUnitReportReporter -->
<testsuite hostname="PDWIVEDI" name="com.sapphire.portfolio.Port_Create_Master" tests="1" failures="0" timestamp="30 Apr 2014 11:14:30 GMT" time="309.274" errors="0">
  <testcase name="TestMethodPortCreateMaster" time="309.274" classname="com.sapphire.portfolio.Port_Create_Master"/>
</testsuite> <!-- com.sapphire.portfolio.Port_Create_Master -->
