<?xml version="1.0" encoding="UTF-8"?>
<!-- Generated by org.testng.reporters.JUnitReportReporter -->
<testsuite hostname="PRATIK" name="com.sapphire.LoginLogout" tests="1" failures="0" timestamp="14 Nov 2013 05:56:55 GMT" time="23.881" errors="0">
  <testcase name="LoginLogoutMethod" time="23.881" classname="com.sapphire.LoginLogout"/>
</testsuite> <!-- com.sapphire.LoginLogout -->
