<?xml version="1.0" encoding="UTF-8"?>
<!-- Generated by org.testng.reporters.JUnitReportReporter -->
<testsuite hostname="PRATIK" name="com.sapphire.score.SA_aers_DrugEvent_PRR" tests="1" failures="0" timestamp="21 Jan 2014 07:45:22 GMT" time="54.407" errors="0">
  <testcase name="SADrugEvent_CaseCount" time="54.407" classname="com.sapphire.score.SA_aers_DrugEvent_PRR"/>
</testsuite> <!-- com.sapphire.score.SA_aers_DrugEvent_PRR -->
