<?xml version="1.0" encoding="UTF-8"?>
<!-- Generated by org.testng.reporters.JUnitReportReporter -->
<testsuite hostname="PRATIK" name="com.sapphire.admin.DeleteEAaersAnalysis" tests="1" failures="0" timestamp="6 Nov 2013 07:35:41 GMT" time="20.402" errors="0">
  <testcase name="TestMethodcheckBox" time="20.402" classname="com.sapphire.admin.DeleteEAaersAnalysis"/>
</testsuite> <!-- com.sapphire.admin.DeleteEAaersAnalysis -->
