<?xml version="1.0" encoding="UTF-8"?>
<!-- Generated by org.testng.reporters.JUnitReportReporter -->
<testsuite hostname="PRATIK" name="com.sapphire.score.SA_aers_DrugEvent_Hierarchy" tests="1" failures="0" timestamp="23 Jan 2014 10:09:50 GMT" time="56.800" errors="0">
  <testcase name="SADrugEvent_Algo" time="56.800" classname="com.sapphire.score.SA_aers_DrugEvent_Hierarchy"/>
</testsuite> <!-- com.sapphire.score.SA_aers_DrugEvent_Hierarchy -->
