<?xml version="1.0" encoding="UTF-8"?>
<!-- Generated by org.testng.reporters.JUnitReportReporter -->
<testsuite hostname="PRATIK" name="com.sapphire.portfolio.Port_Delete_Alert" tests="1" failures="0" timestamp="10 Feb 2014 10:11:59 GMT" time="27.896" errors="0">
  <testcase name="TestMethodPortDeleteTopicAlert" time="27.896" classname="com.sapphire.portfolio.Port_Delete_Alert"/>
</testsuite> <!-- com.sapphire.portfolio.Port_Delete_Alert -->
