<?xml version="1.0" encoding="UTF-8"?>
<!-- Generated by org.testng.reporters.JUnitReportReporter -->
<testsuite hostname="PDWIVEDI" name="com.sapphire.portfolio.Port_Create_ActionsPlan" tests="1" failures="0" timestamp="30 Apr 2014 11:39:49 GMT" time="118.720" errors="0">
  <testcase name="TestMethodPortCreateActionPlan" time="118.720" classname="com.sapphire.portfolio.Port_Create_ActionsPlan"/>
</testsuite> <!-- com.sapphire.portfolio.Port_Create_ActionsPlan -->
