<?xml version="1.0" encoding="UTF-8"?>
<!-- Generated by org.testng.reporters.JUnitReportReporter -->
<testsuite hostname="PRATIK" name="com.sapphire.admin.Admin_Create_Template_Report_Parameters" tests="1" failures="0" timestamp="10 Jan 2014 11:58:41 GMT" time="64.061" errors="0">
  <testcase name="TestMethodCreateTemplateReportParameters" time="64.061" classname="com.sapphire.admin.Admin_Create_Template_Report_Parameters"/>
</testsuite> <!-- com.sapphire.admin.Admin_Create_Template_Report_Parameters -->
