<?xml version="1.0" encoding="UTF-8"?>
<!-- Generated by org.testng.reporters.JUnitReportReporter -->
<testsuite hostname="PRATIK" name="com.sapphire.workspace.Work_Delete_Minutes" tests="1" failures="0" timestamp="11 Feb 2014 10:41:35 GMT" time="28.206" errors="0">
  <testcase name="TestMethodDeleteMinutes" time="28.206" classname="com.sapphire.workspace.Work_Delete_Minutes"/>
</testsuite> <!-- com.sapphire.workspace.Work_Delete_Minutes -->
