<?xml version="1.0" encoding="UTF-8"?>
<!-- Generated by org.testng.reporters.JUnitReportReporter -->
<testsuite hostname="PRATIK" name="com.sapphire.workspace.Work_CaseSeries_Annotation" tests="1" failures="0" timestamp="27 Dec 2013 12:58:57 GMT" time="33.127" errors="0">
  <testcase name="TestMethodCaseSeriesAnnotation" time="33.127" classname="com.sapphire.workspace.Work_CaseSeries_Annotation"/>
</testsuite> <!-- com.sapphire.workspace.Work_CaseSeries_Annotation -->
