<?xml version="1.0" encoding="UTF-8"?>
<!-- Generated by org.testng.reporters.JUnitReportReporter -->
<testsuite hostname="PDWIVEDI" name="com.sapphire.etl.AERSReactionVerify" tests="1" failures="0" timestamp="28 May 2014 12:15:50 GMT" time="0.031" errors="0">
  <testcase name="reactionCaseValidFrom" time="0.031" classname="com.sapphire.etl.AERSReactionVerify"/>
</testsuite> <!-- com.sapphire.etl.AERSReactionVerify -->
