<?xml version="1.0" encoding="UTF-8"?>
<!-- Generated by org.testng.reporters.JUnitReportReporter -->
<testsuite hostname="PDWIVEDI" name="com.sapphire.admin.Admin_Create_Workflow" tests="1" failures="0" timestamp="21 May 2014 08:00:45 GMT" time="29.091" errors="0">
  <testcase name="TestMethodCreateWorkflow" time="29.091" classname="com.sapphire.admin.Admin_Create_Workflow"/>
</testsuite> <!-- com.sapphire.admin.Admin_Create_Workflow -->
