<?xml version="1.0" encoding="UTF-8"?>
<!-- Generated by org.testng.reporters.JUnitReportReporter -->
<testsuite hostname="PRATIK" name="com.sapphire.workspace.Work_Create_CaseSeries" tests="1" failures="0" timestamp="6 Feb 2014 10:14:54 GMT" time="44.899" errors="0">
  <testcase name="TestMethodCreateCaseSeries" time="44.899" classname="com.sapphire.workspace.Work_Create_CaseSeries"/>
</testsuite> <!-- com.sapphire.workspace.Work_Create_CaseSeries -->
