<?xml version="1.0" encoding="UTF-8"?>
<!-- Generated by org.testng.reporters.JUnitReportReporter -->
<testsuite hostname="PRATIK" name="com.sapphire.Admin_Create_Scheduler" tests="1" failures="0" timestamp="13 Nov 2013 15:23:06 GMT" time="50.766" errors="0">
  <testcase name="TestMethodCreateScheduler" time="50.766" classname="com.sapphire.Admin_Create_Scheduler"/>
</testsuite> <!-- com.sapphire.Admin_Create_Scheduler -->
