<?xml version="1.0" encoding="UTF-8"?>
<!-- Generated by org.testng.reporters.JUnitReportReporter -->
<testsuite hostname="PDWIVEDI" name="com.sapphire.portfolio.Port_Create_ActionsPlan" tests="1" failures="0" timestamp="21 May 2014 10:25:31 GMT" time="121.496" errors="0">
  <testcase name="TestMethodPortCreateActionPlan" time="121.496" classname="com.sapphire.portfolio.Port_Create_ActionsPlan"/>
</testsuite> <!-- com.sapphire.portfolio.Port_Create_ActionsPlan -->
