<?xml version="1.0" encoding="UTF-8"?>
<!-- Generated by org.testng.reporters.JUnitReportReporter -->
<testsuite hostname="PRATIK" name="com.sapphire.admin.Admin_Create_Template" tests="1" failures="0" timestamp="10 Jan 2014 12:07:11 GMT" time="472.609" errors="0">
  <testcase name="TestMethodCreateTemplate" time="472.609" classname="com.sapphire.admin.Admin_Create_Template"/>
</testsuite> <!-- com.sapphire.admin.Admin_Create_Template -->
