<?xml version="1.0" encoding="UTF-8"?>
<!-- Generated by org.testng.reporters.JUnitReportReporter -->
<testsuite hostname="PRATIK" name="com.sapphire.portfolio.Port_Delete_Action_References" tests="1" failures="0" timestamp="10 Feb 2014 14:44:14 GMT" time="51.302" errors="0">
  <testcase name="TestMethodPortDeleteActionReferences" time="51.302" classname="com.sapphire.portfolio.Port_Delete_Action_References"/>
</testsuite> <!-- com.sapphire.portfolio.Port_Delete_Action_References -->
