<?xml version="1.0" encoding="UTF-8"?>
<!-- Generated by org.testng.reporters.JUnitReportReporter -->
<testsuite hostname="PDWIVEDI" name="com.sapphire.admin.Admin_WorkflowPrivileges" tests="1" failures="0" timestamp="16 Jun 2014 07:22:09 GMT" time="40.787" errors="0">
  <testcase name="TestMethodWorkflowPrivileges" time="40.787" classname="com.sapphire.admin.Admin_WorkflowPrivileges"/>
</testsuite> <!-- com.sapphire.admin.Admin_WorkflowPrivileges -->
