<?xml version="1.0" encoding="UTF-8"?>
<!-- Generated by org.testng.reporters.JUnitReportReporter -->
<testsuite hostname="PDWIVEDI" name="com.sapphire.admin.Admin_Create_ProductGroups" tests="1" failures="0" timestamp="21 May 2014 06:24:55 GMT" time="92.308" errors="0">
  <testcase name="TestMethodCreateProductGroups" time="92.308" classname="com.sapphire.admin.Admin_Create_ProductGroups"/>
</testsuite> <!-- com.sapphire.admin.Admin_Create_ProductGroups -->
