<?xml version="1.0" encoding="UTF-8"?>
<!-- Generated by org.testng.reporters.JUnitReportReporter -->
<testsuite hostname="PRATIK" name="com.sapphire.admin.Admin_TestUserPrivileges" tests="1" failures="0" timestamp="20 Feb 2014 13:04:55 GMT" time="34.345" errors="0">
  <testcase name="userPrivilegesTest" time="34.345" classname="com.sapphire.admin.Admin_TestUserPrivileges"/>
</testsuite> <!-- com.sapphire.admin.Admin_TestUserPrivileges -->
