<?xml version="1.0" encoding="UTF-8"?>
<!-- Generated by org.testng.reporters.JUnitReportReporter -->
<testsuite hostname="PRATIK" name="com.sapphire.portfolio.Port_Delete_Dossier" tests="1" failures="0" timestamp="10 Feb 2014 13:37:36 GMT" time="46.348" errors="0">
  <testcase name="TestMethodPortDeleteDossier" time="46.348" classname="com.sapphire.portfolio.Port_Delete_Dossier"/>
</testsuite> <!-- com.sapphire.portfolio.Port_Delete_Dossier -->
