<?xml version="1.0" encoding="UTF-8"?>
<!-- Generated by org.testng.reporters.JUnitReportReporter -->
<testsuite hostname="PRATIK" name="com.sapphire.portfolio.Port_Create_Topic_Alerts" tests="1" failures="0" timestamp="26 Nov 2013 09:41:39 GMT" time="384.167" errors="0">
  <testcase name="TestMethodPortCreateTopicAlerts" time="384.167" classname="com.sapphire.portfolio.Port_Create_Topic_Alerts"/>
</testsuite> <!-- com.sapphire.portfolio.Port_Create_Topic_Alerts -->
