<?xml version="1.0" encoding="UTF-8"?>
<!-- Generated by org.testng.reporters.JUnitReportReporter -->
<testsuite hostname="PDWIVEDI" name="com.sapphire.portfolio.Port_Create_Topic" tests="1" failures="0" timestamp="30 Apr 2014 11:21:54 GMT" time="418.892" errors="0">
  <testcase name="TestMethodPortCreateTopic" time="418.892" classname="com.sapphire.portfolio.Port_Create_Topic"/>
</testsuite> <!-- com.sapphire.portfolio.Port_Create_Topic -->
