<?xml version="1.0" encoding="UTF-8"?>
<!-- Generated by org.testng.reporters.JUnitReportReporter -->
<testsuite hostname="PRATIK" name="com.sapphire.portfolio.Port_Signal" tests="1" failures="0" timestamp="7 Apr 2014 07:31:58 GMT" time="3.634" errors="0">
  <testcase name="TestMethodPortSiganl" time="3.634" classname="com.sapphire.portfolio.Port_Signal"/>
</testsuite> <!-- com.sapphire.portfolio.Port_Signal -->
