<?xml version="1.0" encoding="UTF-8"?>
<!-- Generated by org.testng.reporters.JUnitReportReporter -->
<testsuite hostname="PDWIVEDI" name="com.sapphire.admin.Admin_Create_Role" tests="1" failures="0" timestamp="10 Jun 2014 09:45:10 GMT" time="53.564" errors="0">
  <testcase name="TestMethodCreateRole" time="53.564" classname="com.sapphire.admin.Admin_Create_Role"/>
</testsuite> <!-- com.sapphire.admin.Admin_Create_Role -->
