<?xml version="1.0" encoding="UTF-8"?>
<!-- Generated by org.testng.reporters.JUnitReportReporter -->
<testsuite hostname="PRATIK" name="com.sapphire.Admin_CreateUser" tests="1" failures="0" timestamp="12 Nov 2013 12:36:22 GMT" time="51.550" errors="0">
  <testcase name="TestMethodCreateUser" time="51.550" classname="com.sapphire.Admin_CreateUser"/>
</testsuite> <!-- com.sapphire.Admin_CreateUser -->
