<?xml version="1.0" encoding="UTF-8"?>
<!-- Generated by org.testng.reporters.JUnitReportReporter -->
<testsuite hostname="PRATIK" name="com.sapphire.admin.Admin_Delete_User_Groups" tests="1" failures="0" timestamp="28 Jan 2014 13:06:25 GMT" time="9.305" errors="0">
  <testcase name="deleteUserGroup" time="9.305" classname="com.sapphire.admin.Admin_Delete_User_Groups"/>
</testsuite> <!-- com.sapphire.admin.Admin_Delete_User_Groups -->
