<?xml version="1.0" encoding="UTF-8"?>
<!-- Generated by org.testng.reporters.JUnitReportReporter -->
<testsuite hostname="PRATIK" name="com.sapphire.score.TestDataWrite" tests="1" failures="0" timestamp="23 Jan 2014 14:11:25 GMT" time="0.612" errors="0">
  <testcase name="TestMethodCreateUser" time="0.612" classname="com.sapphire.score.TestDataWrite"/>
</testsuite> <!-- com.sapphire.score.TestDataWrite -->
