<?xml version="1.0" encoding="UTF-8"?>
<!-- Generated by org.testng.reporters.JUnitReportReporter -->
<testsuite hostname="PDWIVEDI" name="com.practise.SeleniumClass" tests="1" failures="0" timestamp="26 May 2014 04:54:18 GMT" time="36.270" errors="0">
  <testcase name="script" time="36.270" classname="com.practise.SeleniumClass"/>
</testsuite> <!-- com.practise.SeleniumClass -->
