<?xml version="1.0" encoding="UTF-8"?>
<!-- Generated by org.testng.reporters.JUnitReportReporter -->
<testsuite hostname="PRATIK" name="com.sapphire.workspace.Work_Create_EA_aers_cs" tests="1" failures="0" timestamp="14 Jan 2014 05:40:43 GMT" time="143.006" errors="0">
  <testcase name="TestMethodCreateEAaerscs" time="143.006" classname="com.sapphire.workspace.Work_Create_EA_aers_cs"/>
</testsuite> <!-- com.sapphire.workspace.Work_Create_EA_aers_cs -->
