<?xml version="1.0" encoding="UTF-8"?>
<!-- Generated by org.testng.reporters.JUnitReportReporter -->
<testsuite hostname="PRATIK" name="com.sapphire.Admin_Create_Workflow" tests="1" failures="0" timestamp="13 Nov 2013 15:23:06 GMT" time="45.281" errors="0">
  <testcase name="TestMethodCreateWorkflow" time="45.281" classname="com.sapphire.Admin_Create_Workflow"/>
</testsuite> <!-- com.sapphire.Admin_Create_Workflow -->
