<?xml version="1.0" encoding="UTF-8"?>
<!-- Generated by org.testng.reporters.JUnitReportReporter -->
<testsuite hostname="PRATIK" name="com.sapphire.Admin_Create_ThresholdPlan" tests="1" failures="0" timestamp="13 Nov 2013 15:23:06 GMT" time="31.034" errors="0">
  <testcase name="TestMethodCreateWorkflow" time="31.034" classname="com.sapphire.Admin_Create_ThresholdPlan"/>
</testsuite> <!-- com.sapphire.Admin_Create_ThresholdPlan -->
