<?xml version="1.0" encoding="UTF-8"?>
<!-- Generated by org.testng.reporters.JUnitReportReporter -->
<testsuite hostname="PDWIVEDI" name="com.sapphire.admin.Admin_Create_ThresholdPlan" tests="1" failures="0" timestamp="30 Apr 2014 11:08:07 GMT" time="15.343" errors="0">
  <testcase name="TestMethodThresholdPlan" time="15.343" classname="com.sapphire.admin.Admin_Create_ThresholdPlan"/>
</testsuite> <!-- com.sapphire.admin.Admin_Create_ThresholdPlan -->
