<?xml version="1.0" encoding="UTF-8"?>
<!-- Generated by org.testng.reporters.JUnitReportReporter -->
<testsuite hostname="PDWIVEDI" name="com.sapphire.admin.Admin_Create_Product" tests="1" failures="0" timestamp="30 Apr 2014 10:58:02 GMT" time="355.918" errors="0">
  <testcase name="TestMethodCreateProduct" time="355.918" classname="com.sapphire.admin.Admin_Create_Product"/>
</testsuite> <!-- com.sapphire.admin.Admin_Create_Product -->
