<?xml version="1.0" encoding="UTF-8"?>
<!-- Generated by org.testng.reporters.JUnitReportReporter -->
<testsuite hostname="PRATIK" name="com.sapphire.score.SA_Total_CaseCount" tests="1" failures="0" timestamp="23 Jan 2014 09:36:49 GMT" time="48.115" errors="0">
  <testcase name="SATotalCaseCount" time="48.115" classname="com.sapphire.score.SA_Total_CaseCount"/>
</testsuite> <!-- com.sapphire.score.SA_Total_CaseCount -->
