<?xml version="1.0" encoding="UTF-8"?>
<!-- Generated by org.testng.reporters.JUnitReportReporter -->
<testsuite hostname="PRATIK" name="com.sapphire.workspace.Work_Create_ReportGroup" tests="1" failures="0" timestamp="10 Jan 2014 13:10:06 GMT" time="82.436" errors="0">
  <testcase name="TestMethodCreateReportGroup" time="82.436" classname="com.sapphire.workspace.Work_Create_ReportGroup"/>
</testsuite> <!-- com.sapphire.workspace.Work_Create_ReportGroup -->
