<?xml version="1.0" encoding="UTF-8"?>
<!-- Generated by org.testng.reporters.JUnitReportReporter -->
<testsuite hostname="PRATIK" name="com.sapphire.admin.Admin_Create_ColorCoding" tests="1" failures="0" timestamp="20 Jan 2014 15:05:16 GMT" time="16.229" errors="0">
  <testcase name="TestMethodCreateUser" time="16.229" classname="com.sapphire.admin.Admin_Create_ColorCoding"/>
</testsuite> <!-- com.sapphire.admin.Admin_Create_ColorCoding -->
