<?xml version="1.0" encoding="UTF-8"?>
<!-- Generated by org.testng.reporters.JUnitReportReporter -->
<testsuite hostname="PRATIK" name="com.sapphire.admin.Admin_Delete_Report_Parameters" tests="1" failures="0" timestamp="28 Jan 2014 15:16:43 GMT" time="9.520" errors="0">
  <testcase name="deleteReportParameters" time="9.520" classname="com.sapphire.admin.Admin_Delete_Report_Parameters"/>
</testsuite> <!-- com.sapphire.admin.Admin_Delete_Report_Parameters -->
