<?xml version="1.0" encoding="UTF-8"?>
<!-- Generated by org.testng.reporters.JUnitReportReporter -->
<testsuite hostname="PRATIK" name="com.sapphire.workspace.Work_CaseSeries_Share" tests="1" failures="0" timestamp="27 Dec 2013 12:16:52 GMT" time="31.785" errors="0">
  <testcase name="TestMethodCreateCaseSeries" time="31.785" classname="com.sapphire.workspace.Work_CaseSeries_Share"/>
</testsuite> <!-- com.sapphire.workspace.Work_CaseSeries_Share -->
