<?xml version="1.0" encoding="UTF-8"?>
<!-- Generated by org.testng.reporters.JUnitReportReporter -->
<testsuite hostname="PRATIK" name="com.sapphire.admin.Admin_CreateUserGroup" tests="1" failures="0" timestamp="6 Nov 2013 09:12:48 GMT" time="40.655" errors="0">
  <testcase name="TestMethodCreateUserGroup" time="40.655" classname="com.sapphire.admin.Admin_CreateUserGroup"/>
</testsuite> <!-- com.sapphire.admin.Admin_CreateUserGroup -->
