<?xml version="1.0" encoding="UTF-8"?>
<!-- Generated by org.testng.reporters.JUnitReportReporter -->
<testsuite hostname="PDWIVEDI" name="com.sapphire.etl.AERSOutcomeISRID" tests="1" failures="0" timestamp="18 Jun 2014 07:40:51 GMT" time="0.270" errors="0">
  <testcase name="AERSOutcomeISRIDTest" time="0.270" classname="com.sapphire.etl.AERSOutcomeISRID"/>
</testsuite> <!-- com.sapphire.etl.AERSOutcomeISRID -->
