<?xml version="1.0" encoding="UTF-8"?>
<!-- Generated by org.testng.reporters.JUnitReportReporter -->
<testsuite hostname="PRATIK" name="com.sapphire.workspace.Work_Create_RegulatoryReports" tests="1" failures="0" timestamp="13 Jan 2014 06:32:37 GMT" time="240.674" errors="0">
  <testcase name="TestMethodCreateRegulatoryReport" time="240.674" classname="com.sapphire.workspace.Work_Create_RegulatoryReports"/>
</testsuite> <!-- com.sapphire.workspace.Work_Create_RegulatoryReports -->
