<?xml version="1.0" encoding="UTF-8"?>
<!-- Generated by org.testng.reporters.JUnitReportReporter -->
<testsuite hostname="PRATIK" name="com.sapphire.portfolio.Port_Delete_ActionPlan" tests="1" failures="0" timestamp="10 Feb 2014 11:50:58 GMT" time="20.416" errors="0">
  <testcase name="TestMethodPortDeleteActionPlan" time="20.416" classname="com.sapphire.portfolio.Port_Delete_ActionPlan"/>
</testsuite> <!-- com.sapphire.portfolio.Port_Delete_ActionPlan -->
