<?xml version="1.0" encoding="UTF-8"?>
<!-- Generated by org.testng.reporters.JUnitReportReporter -->
<testsuite hostname="PRATIK" name="com.sapphire.workspace.Work_CaseSeriesListing_Annotation" tests="1" failures="0" timestamp="3 Feb 2014 04:47:54 GMT" time="33.709" errors="0">
  <testcase name="TestMethodCaseSeriesAnnotation" time="33.709" classname="com.sapphire.workspace.Work_CaseSeriesListing_Annotation"/>
</testsuite> <!-- com.sapphire.workspace.Work_CaseSeriesListing_Annotation -->
