<?xml version="1.0" encoding="UTF-8"?>
<!-- Generated by org.testng.reporters.JUnitReportReporter -->
<testsuite hostname="PDWIVEDI" name="com.sapphire.portfolio.Port_Create_Topic" tests="1" failures="0" timestamp="4 Jun 2014 10:44:32 GMT" time="1391.821" errors="0">
  <testcase name="TestMethodPortCreateTopic" time="1391.821" classname="com.sapphire.portfolio.Port_Create_Topic"/>
</testsuite> <!-- com.sapphire.portfolio.Port_Create_Topic -->
