<?xml version="1.0" encoding="UTF-8"?>
<!-- Generated by org.testng.reporters.JUnitReportReporter -->
<testsuite hostname="PDWIVEDI" name="com.sapphire.portfolio.Port_Create_Master" tests="1" failures="0" timestamp="9 Jun 2014 12:30:20 GMT" time="1311.517" errors="0">
  <testcase name="TestMethodPortCreateMaster" time="1311.517" classname="com.sapphire.portfolio.Port_Create_Master"/>
</testsuite> <!-- com.sapphire.portfolio.Port_Create_Master -->
