<?xml version="1.0" encoding="UTF-8"?>
<!-- Generated by org.testng.reporters.JUnitReportReporter -->
<testsuite hostname="PDWIVEDI" name="com.sapphire.admin.Admin_Create_ProductGroups" tests="1" failures="0" timestamp="9 Jun 2014 11:51:20 GMT" time="93.487" errors="0">
  <testcase name="TestMethodCreateProductGroups" time="93.487" classname="com.sapphire.admin.Admin_Create_ProductGroups"/>
</testsuite> <!-- com.sapphire.admin.Admin_Create_ProductGroups -->
