<?xml version="1.0" encoding="UTF-8"?>
<!-- Generated by org.testng.reporters.JUnitReportReporter -->
<testsuite hostname="PRATIK" name="com.sapphire.admin.Admin_Delete_Role" tests="1" failures="0" timestamp="28 Jan 2014 13:24:32 GMT" time="9.359" errors="0">
  <testcase name="deleteUserRole" time="9.359" classname="com.sapphire.admin.Admin_Delete_Role"/>
</testsuite> <!-- com.sapphire.admin.Admin_Delete_Role -->
