<?xml version="1.0" encoding="UTF-8"?>
<!-- Generated by org.testng.reporters.JUnitReportReporter -->
<testsuite hostname="PRATIK" name="com.sapphire.workspace.Work_Create_Medline" tests="1" failures="0" timestamp="13 Jan 2014 15:14:22 GMT" time="76.815" errors="0">
  <testcase name="TestMethodCreateMedline" time="76.815" classname="com.sapphire.workspace.Work_Create_Medline"/>
</testsuite> <!-- com.sapphire.workspace.Work_Create_Medline -->
