<?xml version="1.0" encoding="UTF-8"?>
<!-- Generated by org.testng.reporters.JUnitReportReporter -->
<testsuite hostname="PRATIK" name="com.sapphire.Delete_EA_aers_Analysis" tests="1" failures="0" timestamp="13 Nov 2013 15:23:06 GMT" time="27.871" errors="0">
  <testcase name="TestMethodcheckBox" time="27.871" classname="com.sapphire.Delete_EA_aers_Analysis"/>
</testsuite> <!-- com.sapphire.Delete_EA_aers_Analysis -->
