<?xml version="1.0" encoding="UTF-8"?>
<!-- Generated by org.testng.reporters.JUnitReportReporter -->
<testsuite hostname="PDWIVEDI" name="com.sapphire.admin.Admin_Create_ProductGroups" tests="1" failures="0" timestamp="30 Apr 2014 10:59:59 GMT" time="92.364" errors="0">
  <testcase name="TestMethodCreateProductGroups" time="92.364" classname="com.sapphire.admin.Admin_Create_ProductGroups"/>
</testsuite> <!-- com.sapphire.admin.Admin_Create_ProductGroups -->
