<?xml version="1.0" encoding="UTF-8"?>
<!-- Generated by org.testng.reporters.JUnitReportReporter -->
<testsuite hostname="PRATIK" name="com.sapphire.inbox.Inbox_CompleteActivity_Check" tests="1" failures="0" timestamp="10 Jan 2014 05:50:52 GMT" time="35.611" errors="0">
  <testcase name="InboxCompletedActivityCheck" time="35.611" classname="com.sapphire.inbox.Inbox_CompleteActivity_Check"/>
</testsuite> <!-- com.sapphire.inbox.Inbox_CompleteActivity_Check -->
