<?xml version="1.0" encoding="UTF-8"?>
<!-- Generated by org.testng.reporters.JUnitReportReporter -->
<testsuite hostname="PRATIK" name="com.sapphire.workspace.Work_DEC_Annotation" tests="1" failures="0" timestamp="21 Feb 2014 12:17:50 GMT" time="136.253" errors="0">
  <testcase name="TestMethodDEC_Annotate" time="136.253" classname="com.sapphire.workspace.Work_DEC_Annotation"/>
</testsuite> <!-- com.sapphire.workspace.Work_DEC_Annotation -->
