<?xml version="1.0" encoding="UTF-8"?>
<!-- Generated by org.testng.reporters.JUnitReportReporter -->
<testsuite hostname="PDWIVEDI" name="com.sapphire.admin.Admin_Create_ProductGroups" tests="1" failures="0" timestamp="6 Jun 2014 13:16:09 GMT" time="92.561" errors="0">
  <testcase name="TestMethodCreateProductGroups" time="92.561" classname="com.sapphire.admin.Admin_Create_ProductGroups"/>
</testsuite> <!-- com.sapphire.admin.Admin_Create_ProductGroups -->
