<?xml version="1.0" encoding="UTF-8"?>
<!-- Generated by org.testng.reporters.JUnitReportReporter -->
<testsuite hostname="PDWIVEDI" name="com.sapphire.DB_Function.AersGenderStrata" tests="1" failures="0" timestamp="13 Jun 2014 10:32:38 GMT" time="0.214" errors="0">
  <testcase name="testAersGenderStrata" time="0.214" classname="com.sapphire.DB_Function.AersGenderStrata"/>
</testsuite> <!-- com.sapphire.DB_Function.AersGenderStrata -->
