<?xml version="1.0" encoding="UTF-8"?>
<!-- Generated by org.testng.reporters.JUnitReportReporter -->
<testsuite hostname="PDWIVEDI" name="com.sapphire.admin.Admin_WorkflowPrivileges" tests="1" failures="0" timestamp="21 May 2014 08:02:08 GMT" time="41.265" errors="0">
  <testcase name="TestMethodWorkflowPrivileges" time="41.265" classname="com.sapphire.admin.Admin_WorkflowPrivileges"/>
</testsuite> <!-- com.sapphire.admin.Admin_WorkflowPrivileges -->
