<?xml version="1.0" encoding="UTF-8"?>
<!-- Generated by org.testng.reporters.JUnitReportReporter -->
<testsuite hostname="PRATIK" name="com.sapphire.score.DB_SA_DECCaseCount" tests="1" failures="0" timestamp="24 Feb 2014 14:05:10 GMT" time="89.333" errors="0">
  <testcase name="DB_SA_DECCaseCountCheck" time="89.333" classname="com.sapphire.score.DB_SA_DECCaseCount"/>
</testsuite> <!-- com.sapphire.score.DB_SA_DECCaseCount -->
