<?xml version="1.0" encoding="UTF-8"?>
<!-- Generated by org.testng.reporters.JUnitReportReporter -->
<testsuite hostname="PDWIVEDI" name="com.sapphire.admin.Admin_Create_Workflow" tests="1" failures="0" timestamp="9 Jun 2014 09:34:03 GMT" time="29.211" errors="0">
  <testcase name="TestMethodCreateWorkflow" time="29.211" classname="com.sapphire.admin.Admin_Create_Workflow"/>
</testsuite> <!-- com.sapphire.admin.Admin_Create_Workflow -->
