<?xml version="1.0" encoding="UTF-8"?>
<!-- Generated by org.testng.reporters.JUnitReportReporter -->
<testsuite hostname="PRATIK" name="com.sapphire.admin.Admin_Delete_Product" tests="1" failures="0" timestamp="28 Jan 2014 13:33:00 GMT" time="9.361" errors="0">
  <testcase name="deleteProduct" time="9.361" classname="com.sapphire.admin.Admin_Delete_Product"/>
</testsuite> <!-- com.sapphire.admin.Admin_Delete_Product -->
