<?xml version="1.0" encoding="UTF-8"?>
<!-- Generated by org.testng.reporters.JUnitReportReporter -->
<testsuite hostname="PRATIK" name="com.sapphire.Admin_Create_User_Groups" tests="1" failures="0" timestamp="13 Nov 2013 15:23:06 GMT" time="52.566" errors="0">
  <testcase name="TestMethodCreateUserGroup" time="52.566" classname="com.sapphire.Admin_Create_User_Groups"/>
</testsuite> <!-- com.sapphire.Admin_Create_User_Groups -->
