<?xml version="1.0" encoding="UTF-8"?>
<!-- Generated by org.testng.reporters.JUnitReportReporter -->
<testsuite hostname="PRATIK" name="com.sapphire.dashboard.Dashboard_SetPreference" tests="1" failures="0" timestamp="7 Feb 2014 05:50:52 GMT" time="216.832" errors="0">
  <testcase name="TestMethodSetPreference" time="216.832" classname="com.sapphire.dashboard.Dashboard_SetPreference"/>
</testsuite> <!-- com.sapphire.dashboard.Dashboard_SetPreference -->
