<?xml version="1.0" encoding="UTF-8"?>
<!-- Generated by org.testng.reporters.JUnitReportReporter -->
<testsuite hostname="PDWIVEDI" name="com.sapphire.admin.Admin_Create_Scheduler" tests="1" failures="0" timestamp="30 Apr 2014 11:06:02 GMT" time="50.754" errors="0">
  <testcase name="TestMethodCreateScheduler" time="50.754" classname="com.sapphire.admin.Admin_Create_Scheduler"/>
</testsuite> <!-- com.sapphire.admin.Admin_Create_Scheduler -->
