<?xml version="1.0" encoding="UTF-8"?>
<!-- Generated by org.testng.reporters.JUnitReportReporter -->
<testsuite hostname="PRATIK" name="com.sapphire.home.Home_DragAndDrop" tests="1" failures="0" timestamp="26 Dec 2013 10:20:52 GMT" time="5.056" errors="0">
  <testcase name="TestMethodCreateEAaerscs" time="5.056" classname="com.sapphire.home.Home_DragAndDrop"/>
</testsuite> <!-- com.sapphire.home.Home_DragAndDrop -->
