<?xml version="1.0" encoding="UTF-8"?>
<!-- Generated by org.testng.reporters.JUnitReportReporter -->
<testsuite hostname="PRATIK" name="com.sapphire.Admin_Create_User" tests="1" failures="0" timestamp="13 Nov 2013 15:23:06 GMT" time="74.191" errors="0">
  <testcase name="TestMethodCreateUser" time="74.191" classname="com.sapphire.Admin_Create_User"/>
</testsuite> <!-- com.sapphire.Admin_Create_User -->
