<?xml version="1.0" encoding="UTF-8"?>
<!-- Generated by org.testng.reporters.JUnitReportReporter -->
<testsuite hostname="PRATIK" name="com.sapphire.score.EA_Aggragates_FieldsScore" tests="1" failures="0" timestamp="29 Jan 2014 07:08:50 GMT" time="0.494" errors="0">
  <testcase name="EA_Aggregates_FieldsScore" time="0.494" classname="com.sapphire.score.EA_Aggragates_FieldsScore"/>
</testsuite> <!-- com.sapphire.score.EA_Aggragates_FieldsScore -->
