<?xml version="1.0" encoding="UTF-8"?>
<!-- Generated by org.testng.reporters.JUnitReportReporter -->
<testsuite hostname="PDWIVEDI" name="com.practise.TestDataWrite" tests="1" failures="0" timestamp="23 May 2014 07:53:35 GMT" time="0.681" errors="0">
  <testcase name="DataWrite" time="0.681" classname="com.practise.TestDataWrite"/>
</testsuite> <!-- com.practise.TestDataWrite -->
