<?xml version="1.0" encoding="UTF-8"?>
<!-- Generated by org.testng.reporters.JUnitReportReporter -->
<testsuite hostname="PRATIK" name="com.sapphire.admin.Admin_CreateRole" tests="1" failures="0" timestamp="6 Nov 2013 07:29:08 GMT" time="13.516" errors="0">
  <testcase name="TestMethodCreateRole" time="13.516" classname="com.sapphire.admin.Admin_CreateRole"/>
</testsuite> <!-- com.sapphire.admin.Admin_CreateRole -->
