<?xml version="1.0" encoding="UTF-8"?>
<!-- Generated by org.testng.reporters.JUnitReportReporter -->
<testsuite hostname="PRATIK" name="com.sapphire.portfolio.Port_Minutes_View" tests="1" failures="0" timestamp="9 Jan 2014 05:24:02 GMT" time="49.451" errors="0">
  <testcase name="TestMethodPortMinutes" time="49.451" classname="com.sapphire.portfolio.Port_Minutes_View"/>
</testsuite> <!-- com.sapphire.portfolio.Port_Minutes_View -->
