<?xml version="1.0" encoding="UTF-8"?>
<!-- Generated by org.testng.reporters.JUnitReportReporter -->
<testsuite hostname="PRATIK" name="com.sapphire.admin.Admin_Delete_User" tests="1" failures="0" timestamp="28 Jan 2014 12:52:25 GMT" time="6.858" errors="0">
  <testcase name="deleteUser" time="6.858" classname="com.sapphire.admin.Admin_Delete_User"/>
</testsuite> <!-- com.sapphire.admin.Admin_Delete_User -->
