<?xml version="1.0" encoding="UTF-8"?>
<!-- Generated by org.testng.reporters.JUnitReportReporter -->
<testsuite hostname="PDWIVEDI" name="com.sapphire.portfolio.Port_Create_Master" tests="1" failures="0" timestamp="4 Jun 2014 10:20:15 GMT" time="1310.517" errors="0">
  <testcase name="TestMethodPortCreateMaster" time="1310.517" classname="com.sapphire.portfolio.Port_Create_Master"/>
</testsuite> <!-- com.sapphire.portfolio.Port_Create_Master -->
