<?xml version="1.0" encoding="UTF-8"?>
<!-- Generated by org.testng.reporters.JUnitReportReporter -->
<testsuite hostname="PRATIK" name="com.sapphire.Admin_Create_Template_Report_Parameters" tests="1" failures="0" timestamp="13 Nov 2013 15:23:06 GMT" time="74.630" errors="0">
  <testcase name="TestMethodCreateTemplateReportParameters" time="74.630" classname="com.sapphire.Admin_Create_Template_Report_Parameters"/>
</testsuite> <!-- com.sapphire.Admin_Create_Template_Report_Parameters -->
