<?xml version="1.0" encoding="UTF-8"?>
<!-- Generated by org.testng.reporters.JUnitReportReporter -->
<testsuite hostname="PRATIK" name="com.sapphire.Admin_Create_Templates" tests="1" failures="0" timestamp="12 Nov 2013 06:17:30 GMT" time="37.885" errors="0">
  <testcase name="TestMethodCreateTemplate" time="37.885" classname="com.sapphire.Admin_Create_Templates"/>
</testsuite> <!-- com.sapphire.Admin_Create_Templates -->
