<?xml version="1.0" encoding="UTF-8"?>
<!-- Generated by org.testng.reporters.JUnitReportReporter -->
<testsuite hostname="PDWIVEDI" name="com.sapphire.admin.Admin_WorkflowPrivileges" tests="1" failures="0" timestamp="6 Jun 2014 12:54:20 GMT" time="41.037" errors="0">
  <testcase name="TestMethodWorkflowPrivileges" time="41.037" classname="com.sapphire.admin.Admin_WorkflowPrivileges"/>
</testsuite> <!-- com.sapphire.admin.Admin_WorkflowPrivileges -->
