<?xml version="1.0" encoding="UTF-8"?>
<!-- Generated by org.testng.reporters.JUnitReportReporter -->
<testsuite hostname="PRATIK" name="com.sapphire.portfolio.Port_Topics" tests="1" failures="0" timestamp="20 Nov 2013 16:01:01 GMT" time="13.531" errors="0">
  <testcase name="TestMethodPortTopics" time="13.531" classname="com.sapphire.portfolio.Port_Topics"/>
</testsuite> <!-- com.sapphire.portfolio.Port_Topics -->
