<?xml version="1.0" encoding="UTF-8"?>
<!-- Generated by org.testng.reporters.JUnitReportReporter -->
<testsuite hostname="PRATIK" name="com.sapphire.score.SA_DrugEvent_CaseCount" tests="1" failures="0" timestamp="23 Jan 2014 09:24:12 GMT" time="113.165" errors="0">
  <testcase name="SADrugEvent_CaseCount" time="113.165" classname="com.sapphire.score.SA_DrugEvent_CaseCount"/>
</testsuite> <!-- com.sapphire.score.SA_DrugEvent_CaseCount -->
