<?xml version="1.0" encoding="UTF-8"?>
<!-- Generated by org.testng.reporters.JUnitReportReporter -->
<testsuite hostname="PDWIVEDI" name="com.sapphire.admin.Admin_Create_Role" tests="1" failures="0" timestamp="21 May 2014 06:03:17 GMT" time="53.597" errors="0">
  <testcase name="TestMethodCreateRole" time="53.597" classname="com.sapphire.admin.Admin_Create_Role"/>
</testsuite> <!-- com.sapphire.admin.Admin_Create_Role -->
