<?xml version="1.0" encoding="UTF-8"?>
<!-- Generated by org.testng.reporters.JUnitReportReporter -->
<testsuite hostname="PRATIK" name="com.sapphire.admin.LoginLogout" tests="1" failures="0" timestamp="24 Mar 2014 06:12:31 GMT" time="41.605" errors="0">
  <testcase name="LoginLogoutMethod" time="41.605" classname="com.sapphire.admin.LoginLogout"/>
</testsuite> <!-- com.sapphire.admin.LoginLogout -->
