<?xml version="1.0" encoding="UTF-8"?>
<!-- Generated by org.testng.reporters.JUnitReportReporter -->
<testsuite hostname="PRATIK" name="com.sapphire.inbox.Inbox_InAction" tests="1" failures="0" timestamp="29 Nov 2013 09:42:34 GMT" time="33.758" errors="0">
  <testcase name="voidmethod" time="33.758" classname="com.sapphire.inbox.Inbox_InAction"/>
</testsuite> <!-- com.sapphire.inbox.Inbox_InAction -->
