<?xml version="1.0" encoding="UTF-8"?>
<!-- Generated by org.testng.reporters.JUnitReportReporter -->
<testsuite hostname="PRATIK" name="com.sapphire.admin.Admin_Delete_Threshold_Plan" tests="1" failures="0" timestamp="29 Jan 2014 12:11:11 GMT" time="9.207" errors="0">
  <testcase name="deleteThreshold" time="9.207" classname="com.sapphire.admin.Admin_Delete_Threshold_Plan"/>
</testsuite> <!-- com.sapphire.admin.Admin_Delete_Threshold_Plan -->
