<?xml version="1.0" encoding="UTF-8"?>
<!-- Generated by org.testng.reporters.JUnitReportReporter -->
<testsuite hostname="PRATIK" name="com.sapphire.score.CalculateScoreFormExcel" tests="1" failures="0" timestamp="24 Feb 2014 13:56:42 GMT" time="1.929" errors="0">
  <testcase name="dataEntry" time="1.929" classname="com.sapphire.score.CalculateScoreFormExcel"/>
</testsuite> <!-- com.sapphire.score.CalculateScoreFormExcel -->
