<?xml version="1.0" encoding="UTF-8"?>
<!-- Generated by org.testng.reporters.JUnitReportReporter -->
<testsuite hostname="PDWIVEDI" name="com.practise.CallFunction" tests="1" failures="0" timestamp="13 Jun 2014 09:13:48 GMT" time="0.233" errors="0">
  <testcase name="testCAllFuction" time="0.233" classname="com.practise.CallFunction"/>
</testsuite> <!-- com.practise.CallFunction -->
