<?xml version="1.0" encoding="UTF-8"?>
<!-- Generated by org.testng.reporters.JUnitReportReporter -->
<testsuite hostname="PRATIK" name="com.sapphire.score.SA_aers_Algo" tests="1" failures="0" timestamp="28 Jan 2014 11:24:14 GMT" time="111.426" errors="0">
  <testcase name="SA_aers_Algo" time="111.426" classname="com.sapphire.score.SA_aers_Algo"/>
</testsuite> <!-- com.sapphire.score.SA_aers_Algo -->
