<?xml version="1.0" encoding="UTF-8"?>
<!-- Generated by org.testng.reporters.JUnitReportReporter -->
<testsuite hostname="PRATIK" name="com.sapphire.workspace.Work_CaseSeriesListing_Share" tests="1" failures="0" timestamp="3 Feb 2014 04:46:52 GMT" time="48.551" errors="0">
  <testcase name="TestMethodCaseSeriesShare" time="48.551" classname="com.sapphire.workspace.Work_CaseSeriesListing_Share"/>
</testsuite> <!-- com.sapphire.workspace.Work_CaseSeriesListing_Share -->
