<?xml version="1.0" encoding="UTF-8"?>
<!-- Generated by org.testng.reporters.JUnitReportReporter -->
<testsuite hostname="PRATIK" name="com.sapphire.score.SA_aers_DrugEvent_Algo" tests="1" failures="0" timestamp="21 Jan 2014 08:41:00 GMT" time="54.408" errors="0">
  <testcase name="SADrugEvent_Algo" time="54.408" classname="com.sapphire.score.SA_aers_DrugEvent_Algo"/>
</testsuite> <!-- com.sapphire.score.SA_aers_DrugEvent_Algo -->
