<?xml version="1.0" encoding="UTF-8"?>
<!-- Generated by org.testng.reporters.JUnitReportReporter -->
<testsuite hostname="PRATIK" name="com.sapphire.admin.Admin_Create_TemplateGroups" tests="1" failures="0" timestamp="10 Jan 2014 11:57:00 GMT" time="34.483" errors="0">
  <testcase name="TestMethodCreateTemplateGroup" time="34.483" classname="com.sapphire.admin.Admin_Create_TemplateGroups"/>
</testsuite> <!-- com.sapphire.admin.Admin_Create_TemplateGroups -->
