<?xml version="1.0" encoding="UTF-8"?>
<!-- Generated by org.testng.reporters.JUnitReportReporter -->
<testsuite hostname="PDWIVEDI" name="com.sapphire.admin.Admin_Create_Scheduler" tests="1" failures="0" timestamp="9 Jun 2014 11:58:12 GMT" time="51.128" errors="0">
  <testcase name="TestMethodCreateScheduler" time="51.128" classname="com.sapphire.admin.Admin_Create_Scheduler"/>
</testsuite> <!-- com.sapphire.admin.Admin_Create_Scheduler -->
