<?xml version="1.0" encoding="UTF-8"?>
<!-- Generated by org.testng.reporters.JUnitReportReporter -->
<testsuite hostname="PDWIVEDI" name="com.sapphire.admin.Admin_Create_Workflow" tests="1" failures="0" timestamp="16 Jun 2014 06:52:21 GMT" time="28.992" errors="0">
  <testcase name="TestMethodCreateWorkflow" time="28.992" classname="com.sapphire.admin.Admin_Create_Workflow"/>
</testsuite> <!-- com.sapphire.admin.Admin_Create_Workflow -->
