<?xml version="1.0" encoding="UTF-8"?>
<!-- Generated by org.testng.reporters.JUnitReportReporter -->
<testsuite hostname="PRATIK" name="com.sapphire.score.SA_scoreTesting" tests="2" failures="0" timestamp="13 Jan 2014 12:01:36 GMT" time="43.296" errors="0">
  <testcase name="SAScoreTesting" time="43.049" classname="com.sapphire.score.SA_scoreTesting"/>
  <testcase name="connectdb" time="0.247" classname="com.sapphire.score.SA_scoreTesting"/>
</testsuite> <!-- com.sapphire.score.SA_scoreTesting -->
